# JRE version: Java(TM) SE Runtime Environment (19.0+36) (build 19+36-2238)
# Java VM: Java HotSpot(TM) 64-Bit Server VM (19+36-2238, mixed mode, sharing, tiered, compressed oops, compressed class ptrs, g1 gc, windows-amd64)
GC Precious Log:
 CardTable entry size: 512
 Card Set container configuration: InlinePtr #cards 5 size 8 Array Of Cards #cards 12 size 40 Howl #buckets 4 coarsen threshold 1843 Howl Bitmap #cards 512 size 80 coarsen threshold 460 Card regions per heap region 1 cards per card region 2048
 CPUs: 8 total, 8 available
 Memory: 8078M
 Large Page Support: Disabled
 NUMA Support: Disabled
 Compressed Oops: Enabled (32-bit)
 Heap Region Size: 1M
 Heap Min Capacity: 8M
 Heap Initial Capacity: 128M
 Heap Max Capacity: 2020M
 Pre-touch: Disabled
 Parallel Workers: 8
 Concurrent Workers: 2
 Concurrent Refinement Workers: 8
 Periodic GC: Disabled
Heap:
 garbage-first heap   total 104448K, used 58403K [0x0000000081c00000, 0x0000000100000000)
  region size 1024K, 17 young (17408K), 3 survivors (3072K)
 Metaspace       used 78709K, committed 79424K, reserved 1179648K
  class space    used 9623K, committed 9984K, reserved 1048576K
GC Heap History (20 events):
Event: 908.484 GC heap before
{Heap before GC invocations=32 (full 0):
 garbage-first heap   total 104448K, used 85046K [0x0000000081c00000, 0x0000000100000000)
  region size 1024K, 44 young (45056K), 3 survivors (3072K)
 Metaspace       used 76655K, committed 77440K, reserved 1179648K
  class space    used 9615K, committed 9984K, reserved 1048576K
}
Event: 908.505 GC heap after
{Heap after GC invocations=33 (full 0):
 garbage-first heap   total 104448K, used 43987K [0x0000000081c00000, 0x0000000100000000)
  region size 1024K, 3 young (3072K), 3 survivors (3072K)
 Metaspace       used 76655K, committed 77440K, reserved 1179648K
  class space    used 9615K, committed 9984K, reserved 1048576K
}
Event: 1143.589 GC heap before
{Heap before GC invocations=33 (full 0):
 garbage-first heap   total 104448K, used 85971K [0x0000000081c00000, 0x0000000100000000)
  region size 1024K, 45 young (46080K), 3 survivors (3072K)
 Metaspace       used 77119K, committed 77888K, reserved 1179648K
  class space    used 9619K, committed 9984K, reserved 1048576K
}
Event: 1143.607 GC heap after
{Heap after GC invocations=34 (full 0):
 garbage-first heap   total 104448K, used 44279K [0x0000000081c00000, 0x0000000100000000)
  region size 1024K, 3 young (3072K), 3 survivors (3072K)
 Metaspace       used 77119K, committed 77888K, reserved 1179648K
  class space    used 9619K, committed 9984K, reserved 1048576K
}
Event: 1144.972 GC heap before
{Heap before GC invocations=34 (full 0):
 garbage-first heap   total 104448K, used 87287K [0x0000000081c00000, 0x0000000100000000)
  region size 1024K, 46 young (47104K), 3 survivors (3072K)
 Metaspace       used 77670K, committed 78400K, reserved 1179648K
  class space    used 9621K, committed 9984K, reserved 1048576K
}
Event: 1144.979 GC heap after
{Heap after GC invocations=35 (full 0):
 garbage-first heap   total 104448K, used 44297K [0x0000000081c00000, 0x0000000100000000)
  region size 1024K, 3 young (3072K), 3 survivors (3072K)
 Metaspace       used 77670K, committed 78400K, reserved 1179648K
  class space    used 9621K, committed 9984K, reserved 1048576K
}
Event: 1146.034 GC heap before
{Heap before GC invocations=35 (full 0):
 garbage-first heap   total 104448K, used 87305K [0x0000000081c00000, 0x0000000100000000)
  region size 1024K, 46 young (47104K), 3 survivors (3072K)
 Metaspace       used 77955K, committed 78656K, reserved 1179648K
  class space    used 9622K, committed 9984K, reserved 1048576K
}
Event: 1146.041 GC heap after
{Heap after GC invocations=36 (full 0):
 garbage-first heap   total 104448K, used 44511K [0x0000000081c00000, 0x0000000100000000)
  region size 1024K, 4 young (4096K), 4 survivors (4096K)
 Metaspace       used 77955K, committed 78656K, reserved 1179648K
  class space    used 9622K, committed 9984K, reserved 1048576K
}
Event: 1146.931 GC heap before
{Heap before GC invocations=36 (full 0):
 garbage-first heap   total 104448K, used 86495K [0x0000000081c00000, 0x0000000100000000)
  region size 1024K, 46 young (47104K), 4 survivors (4096K)
 Metaspace       used 78225K, committed 78976K, reserved 1179648K
  class space    used 9623K, committed 9984K, reserved 1048576K
}
Event: 1146.936 GC heap after
{Heap after GC invocations=37 (full 0):
 garbage-first heap   total 104448K, used 44573K [0x0000000081c00000, 0x0000000100000000)
  region size 1024K, 4 young (4096K), 4 survivors (4096K)
 Metaspace       used 78225K, committed 78976K, reserved 1179648K
  class space    used 9623K, committed 9984K, reserved 1048576K
}
Event: 1147.795 GC heap before
{Heap before GC invocations=37 (full 0):
 garbage-first heap   total 104448K, used 86557K [0x0000000081c00000, 0x0000000100000000)
  region size 1024K, 46 young (47104K), 4 survivors (4096K)
 Metaspace       used 78414K, committed 79104K, reserved 1179648K
  class space    used 9623K, committed 9984K, reserved 1048576K
}
Event: 1147.807 GC heap after
{Heap after GC invocations=38 (full 0):
 garbage-first heap   total 104448K, used 44894K [0x0000000081c00000, 0x0000000100000000)
  region size 1024K, 2 young (2048K), 2 survivors (2048K)
 Metaspace       used 78414K, committed 79104K, reserved 1179648K
  class space    used 9623K, committed 9984K, reserved 1048576K
}
Event: 1149.403 GC heap before
{Heap before GC invocations=38 (full 0):
 garbage-first heap   total 104448K, used 89950K [0x0000000081c00000, 0x0000000100000000)
  region size 1024K, 47 young (48128K), 2 survivors (2048K)
 Metaspace       used 78616K, committed 79296K, reserved 1179648K
  class space    used 9623K, committed 9984K, reserved 1048576K
}
Event: 1149.409 GC heap after
{Heap after GC invocations=39 (full 0):
 garbage-first heap   total 104448K, used 44779K [0x0000000081c00000, 0x0000000100000000)
  region size 1024K, 2 young (2048K), 2 survivors (2048K)
 Metaspace       used 78616K, committed 79296K, reserved 1179648K
  class space    used 9623K, committed 9984K, reserved 1048576K
}
Event: 1150.350 GC heap before
{Heap before GC invocations=39 (full 0):
 garbage-first heap   total 104448K, used 89835K [0x0000000081c00000, 0x0000000100000000)
  region size 1024K, 47 young (48128K), 2 survivors (2048K)
 Metaspace       used 78677K, committed 79360K, reserved 1179648K
  class space    used 9623K, committed 9984K, reserved 1048576K
}
Event: 1150.354 GC heap after
{Heap after GC invocations=40 (full 0):
 garbage-first heap   total 104448K, used 44879K [0x0000000081c00000, 0x0000000100000000)
  region size 1024K, 2 young (2048K), 2 survivors (2048K)
 Metaspace       used 78677K, committed 79360K, reserved 1179648K
  class space    used 9623K, committed 9984K, reserved 1048576K
}
Event: 1151.164 GC heap before
{Heap before GC invocations=40 (full 0):
 garbage-first heap   total 104448K, used 89935K [0x0000000081c00000, 0x0000000100000000)
  region size 1024K, 47 young (48128K), 2 survivors (2048K)
 Metaspace       used 78692K, committed 79424K, reserved 1179648K
  class space    used 9623K, committed 9984K, reserved 1048576K
}
Event: 1151.170 GC heap after
{Heap after GC invocations=41 (full 0):
 garbage-first heap   total 104448K, used 45047K [0x0000000081c00000, 0x0000000100000000)
  region size 1024K, 3 young (3072K), 3 survivors (3072K)
 Metaspace       used 78692K, committed 79424K, reserved 1179648K
  class space    used 9623K, committed 9984K, reserved 1048576K
}
Event: 1152.136 GC heap before
{Heap before GC invocations=41 (full 0):
 garbage-first heap   total 104448K, used 88055K [0x0000000081c00000, 0x0000000100000000)
  region size 1024K, 46 young (47104K), 3 survivors (3072K)
 Metaspace       used 78709K, committed 79424K, reserved 1179648K
  class space    used 9623K, committed 9984K, reserved 1048576K
}
Event: 1152.141 GC heap after
{Heap after GC invocations=42 (full 0):
 garbage-first heap   total 104448K, used 45091K [0x0000000081c00000, 0x0000000100000000)
  region size 1024K, 3 young (3072K), 3 survivors (3072K)
 Metaspace       used 78709K, committed 79424K, reserved 1179648K
  class space    used 9623K, committed 9984K, reserved 1048576K
}

